
> github-project-portal@0.1.0 dev
> vite --host 127.0.0.1 --port 5174


  VITE v5.4.21  ready in 201 ms

  ➜  Local:   http://127.0.0.1:5174/
5:13:37 PM [vite] hmr update /src/App.jsx
5:13:39 PM [vite] hmr update /src/index.css
[vite:css] @import must precede all other statements (besides @charset or empty @layer)
10 |  }
11 |  
12 |  @import url('https://fonts.googleapis.com/css2?family=Outfit:wght@300;400;600;700&display=swap');
   |  ^^^^^^^^^^^^^^^^^^^^^^^^^^^^^^^^^^^^^^^^^^^^^^^^^^^^^^^^^^^^^^^^^^^^^^^^^^^^^^^^^^^^^^^^^^^^^^^^^
13 |  
14 |  * {
5:13:48 PM [vite] hmr update /src/App.jsx
5:13:49 PM [vite] hmr update /src/index.css
[vite:css] @import must precede all other statements (besides @charset or empty @layer)
10 |  }
11 |  
12 |  @import url('https://fonts.googleapis.com/css2?family=Outfit:wght@300;400;600;700&display=swap');
   |  ^^^^^^^^^^^^^^^^^^^^^^^^^^^^^^^^^^^^^^^^^^^^^^^^^^^^^^^^^^^^^^^^^^^^^^^^^^^^^^^^^^^^^^^^^^^^^^^^^
13 |  
14 |  * {
5:18:56 PM [vite] hmr update /src/App.jsx
5:19:43 PM [vite] hmr update /src/App.jsx
5:19:45 PM [vite] hmr update /src/index.css
[vite:css] @import must precede all other statements (besides @charset or empty @layer)
10 |  }
11 |  
12 |  @import url('https://fonts.googleapis.com/css2?family=Outfit:wght@300;400;600;700&display=swap');
   |  ^^^^^^^^^^^^^^^^^^^^^^^^^^^^^^^^^^^^^^^^^^^^^^^^^^^^^^^^^^^^^^^^^^^^^^^^^^^^^^^^^^^^^^^^^^^^^^^^^
13 |  
14 |  * {
5:19:46 PM [vite] hmr update /src/App.jsx
5:19:49 PM [vite] hmr update /src/index.css
[vite:css] @import must precede all other statements (besides @charset or empty @layer)
10 |  }
11 |  
12 |  @import url('https://fonts.googleapis.com/css2?family=Outfit:wght@300;400;600;700&display=swap');
   |  ^^^^^^^^^^^^^^^^^^^^^^^^^^^^^^^^^^^^^^^^^^^^^^^^^^^^^^^^^^^^^^^^^^^^^^^^^^^^^^^^^^^^^^^^^^^^^^^^^
13 |  
14 |  * {
5:22:46 PM [vite] hmr update /src/App.jsx
5:24:25 PM [vite] hmr update /src/App.jsx
5:24:30 PM [vite] hmr update /src/index.css
[vite:css] @import must precede all other statements (besides @charset or empty @layer)
10 |  }
11 |  
12 |  @import url('https://fonts.googleapis.com/css2?family=Outfit:wght@300;400;600;700&display=swap');
   |  ^^^^^^^^^^^^^^^^^^^^^^^^^^^^^^^^^^^^^^^^^^^^^^^^^^^^^^^^^^^^^^^^^^^^^^^^^^^^^^^^^^^^^^^^^^^^^^^^^
13 |  
14 |  * {
